Using pre-set license
Built from '2020.3/china_unity/release' branch; Version is '2020.3.2f1c1 (5fdc1e83a2fd) revision 6282270'; Using compiler version '192528614'; Build Type 'Release'
OS: 'Windows 10 Home China; OS build 22000.434; Version 2009; 64bit' Language: 'zh' Physical Memory: 14188 MB
BatchMode: 1, IsHumanControllingUs: 0, StartBugReporterOnCrash: 0, Is64bit: 1, IsPro: 0

 COMMAND LINE ARGUMENTS:
E:\Unity\2020.3.2f1c1\Editor\Unity.exe
-adb2
-batchMode
-noUpm
-name
AssetImportWorker0
-projectPath
E:/Game/GGJ/Duality
-logFile
Logs/AssetImportWorker0.log
-srvPort
54508
Successfully changed project path to: E:/Game/GGJ/Duality
E:/Game/GGJ/Duality
Using Asset Import Pipeline V2.
Refreshing native plugins compatible for Editor in 28.29 ms, found 1 plugins.
Preloading 0 native plugins for Editor in 0.00 ms.
Initialize engine version: 2020.3.2f1c1 (5fdc1e83a2fd)
[Subsystems] Discovering subsystems at path E:/Unity/2020.3.2f1c1/Editor/Data/Resources/UnitySubsystems
[Subsystems] Discovering subsystems at path E:/Game/GGJ/Duality/Assets
GfxDevice: creating device client; threaded=0
Direct3D:
    Version:  Direct3D 11.0 [level 11.1]
    Renderer: NVIDIA GeForce RTX 3060 Laptop GPU (ID=0x2560)
    Vendor:   
    VRAM:     6023 MB
    Driver:   27.21.14.6692
Initialize mono
Mono path[0] = 'E:/Unity/2020.3.2f1c1/Editor/Data/Managed'
Mono path[1] = 'E:/Unity/2020.3.2f1c1/Editor/Data/MonoBleedingEdge/lib/mono/unityjit'
Mono config path = 'E:/Unity/2020.3.2f1c1/Editor/Data/MonoBleedingEdge/etc'
Using monoOptions --debugger-agent=transport=dt_socket,embedding=1,server=y,suspend=n,address=127.0.0.1:56700
Begin MonoManager ReloadAssembly
Registering precompiled unity dll's ...
Register platform support module: E:/Unity/2020.3.2f1c1/Editor/Data/PlaybackEngines/WindowsStandaloneSupport/UnityEditor.WindowsStandalone.Extensions.dll
Registered in 0.000722 seconds.
Native extension for WindowsStandalone target not found
Refreshing native plugins compatible for Editor in 28.68 ms, found 1 plugins.
Preloading 0 native plugins for Editor in 0.00 ms.
Invoked RoslynAnalysisRunner static constructor.
RoslynAnalysisRunner will not be running.
RoslynAnalysisRunner has terminated.
Mono: successfully reloaded assembly
- Completed reload, in  0.615 seconds
Platform modules already initialized, skipping
Registering precompiled user dll's ...
Registered in 0.000600 seconds.
Begin MonoManager ReloadAssembly
Native extension for WindowsStandalone target not found
Refreshing native plugins compatible for Editor in 28.56 ms, found 1 plugins.
Preloading 0 native plugins for Editor in 0.00 ms.
Invoked RoslynAnalysisRunner static constructor.
RoslynAnalysisRunner will not be running.
RoslynAnalysisRunner has terminated.
Mono: successfully reloaded assembly
- Completed reload, in  0.664 seconds
Platform modules already initialized, skipping
========================================================================
Worker process is ready to serve import requests
Launched and connected shader compiler UnityShaderCompiler.exe after 0.03 seconds
Refreshing native plugins compatible for Editor in 0.37 ms, found 1 plugins.
Preloading 0 native plugins for Editor in 0.00 ms.
Unloading 1957 Unused Serialized files (Serialized files now loaded: 0)
System memory in use before: 92.3 MB.
System memory in use after: 92.4 MB.

Unloading 20 unused Assets to reduce memory usage. Loaded Objects now: 2404.
Total: 1.909800 ms (FindLiveObjects: 0.238300 ms CreateObjectMapping: 0.062700 ms MarkObjects: 1.552500 ms  DeleteObjects: 0.055400 ms)

========================================================================
Received Import Request.
  path: Assets/Prefab/Player.prefab
  artifactKey: Guid(213967613777d0a4188e3b7bb8124a7a) Importer(815301076,1909f56bfc062723c751e8b465ee728b)
Start importing Assets/Prefab/Player.prefab using Guid(213967613777d0a4188e3b7bb8124a7a) Importer(815301076,1909f56bfc062723c751e8b465ee728b)  -> (artifact id: '8c97124fb68b4ca59da7c64c2f6433eb') in 0.072478 seconds
  Import took 0.075571 seconds .

========================================================================
Received Import Request.
  Time since last request: 0.000198 seconds.
  path: Assets/Prefab/BlackDot.prefab
  artifactKey: Guid(0af7f646c32b70f4bbe6df82ba8ae6dd) Importer(815301076,1909f56bfc062723c751e8b465ee728b)
Start importing Assets/Prefab/BlackDot.prefab using Guid(0af7f646c32b70f4bbe6df82ba8ae6dd) Importer(815301076,1909f56bfc062723c751e8b465ee728b)  -> (artifact id: '5951d976b7e0adbc1e84648ed786f5a1') in 0.013836 seconds
  Import took 0.016445 seconds .

========================================================================
Received Import Request.
  Time since last request: 0.000203 seconds.
  path: Assets/Prefab/WhiteDot.prefab
  artifactKey: Guid(0a999c25364f6944c9f4ea67aa51736d) Importer(815301076,1909f56bfc062723c751e8b465ee728b)
Start importing Assets/Prefab/WhiteDot.prefab using Guid(0a999c25364f6944c9f4ea67aa51736d) Importer(815301076,1909f56bfc062723c751e8b465ee728b)  -> (artifact id: '23fd31073e146453092e83c091e6eb7b') in 0.007539 seconds
  Import took 0.010643 seconds .

========================================================================
Received Import Request.
  Time since last request: 0.000166 seconds.
  path: Assets/Prefab/BlackLord-1.prefab
  artifactKey: Guid(458c3e37d20f9b94cb7324cc289d81b1) Importer(815301076,1909f56bfc062723c751e8b465ee728b)
Start importing Assets/Prefab/BlackLord-1.prefab using Guid(458c3e37d20f9b94cb7324cc289d81b1) Importer(815301076,1909f56bfc062723c751e8b465ee728b)  -> (artifact id: '7637573911b9dded7064e5eb36ee9885') in 0.013326 seconds
  Import took 0.016220 seconds .

========================================================================
Received Import Request.
  Time since last request: 0.000170 seconds.
  path: Assets/Prefab/WhiteFloor.prefab
  artifactKey: Guid(a554c975d260b5f47a6c2f3794fb1fcf) Importer(815301076,1909f56bfc062723c751e8b465ee728b)
Start importing Assets/Prefab/WhiteFloor.prefab using Guid(a554c975d260b5f47a6c2f3794fb1fcf) Importer(815301076,1909f56bfc062723c751e8b465ee728b)  -> (artifact id: '37621877211aa4a27c03b6503a6af587') in 0.007591 seconds
  Import took 0.010416 seconds .

========================================================================
Received Import Request.
  Time since last request: 0.000229 seconds.
  path: Assets/Prefab/BlackFloor.prefab
  artifactKey: Guid(3a3910b279f4a074aa6e35978dfd7e20) Importer(815301076,1909f56bfc062723c751e8b465ee728b)
Start importing Assets/Prefab/BlackFloor.prefab using Guid(3a3910b279f4a074aa6e35978dfd7e20) Importer(815301076,1909f56bfc062723c751e8b465ee728b)  -> (artifact id: 'deed5bb1ce38aab0aff6606ec10a994e') in 0.009304 seconds
  Import took 0.012467 seconds .

========================================================================
Received Import Request.
  Time since last request: 0.000266 seconds.
  path: Assets/Prefab
  artifactKey: Guid(776a38ca91ed7f24893c1c6ce7606612) Importer(815301076,1909f56bfc062723c751e8b465ee728b)
Start importing Assets/Prefab using Guid(776a38ca91ed7f24893c1c6ce7606612) Importer(815301076,1909f56bfc062723c751e8b465ee728b)  -> (artifact id: 'dea9eed111ad3fffd6a8aae02b2d3ced') in 0.001386 seconds
  Import took 0.004185 seconds .

========================================================================
Received Import Request.
  Time since last request: 0.000199 seconds.
  path: Assets/Prefab/WhiteLord-1.prefab
  artifactKey: Guid(6591e113cff12b443b1bc8ebfa65eacc) Importer(815301076,1909f56bfc062723c751e8b465ee728b)
Start importing Assets/Prefab/WhiteLord-1.prefab using Guid(6591e113cff12b443b1bc8ebfa65eacc) Importer(815301076,1909f56bfc062723c751e8b465ee728b)  -> (artifact id: '9d64d85e7d8ee8ffab9afc220db3cb88') in 0.008330 seconds
  Import took 0.011466 seconds .

========================================================================
Received Import Request.
  Time since last request: 6.620081 seconds.
  path: Assets/Scenes
  artifactKey: Guid(f44a6efb2e53a624eae0e11209f351d2) Importer(815301076,1909f56bfc062723c751e8b465ee728b)
Start importing Assets/Scenes using Guid(f44a6efb2e53a624eae0e11209f351d2) Importer(815301076,1909f56bfc062723c751e8b465ee728b)  -> (artifact id: 'a847f5a0b5fd3aca5ddc5389562b8025') in 0.001420 seconds
  Import took 0.004196 seconds .

========================================================================
Received Import Request.
  Time since last request: 1.981252 seconds.
  path: Assets/Script/PlayerController.cs
  artifactKey: Guid(6a8cad0f928fbc346aed80ae733d6b44) Importer(815301076,1909f56bfc062723c751e8b465ee728b)
Start importing Assets/Script/PlayerController.cs using Guid(6a8cad0f928fbc346aed80ae733d6b44) Importer(815301076,1909f56bfc062723c751e8b465ee728b)  -> (artifact id: '5bce2281563ccc631f14407bb1635349') in 0.005039 seconds
  Import took 0.007911 seconds .

========================================================================
Received Import Request.
  Time since last request: 0.017775 seconds.
  path: Assets/Script/PlayerController.cs
  artifactKey: Guid(6a8cad0f928fbc346aed80ae733d6b44) Importer(815301076,1909f56bfc062723c751e8b465ee728b)
Start importing Assets/Script/PlayerController.cs using Guid(6a8cad0f928fbc346aed80ae733d6b44) Importer(815301076,1909f56bfc062723c751e8b465ee728b)  -> (artifact id: '5bce2281563ccc631f14407bb1635349') in 0.001326 seconds
  Import took 0.004202 seconds .

========================================================================
Received Prepare
Registering precompiled user dll's ...
Registered in 0.000749 seconds.
Begin MonoManager ReloadAssembly
Native extension for WindowsStandalone target not found
Refreshing native plugins compatible for Editor in 0.40 ms, found 1 plugins.
Preloading 0 native plugins for Editor in 0.00 ms.
Invoked RoslynAnalysisRunner static constructor.
RoslynAnalysisRunner will not be running.
RoslynAnalysisRunner has terminated.
Mono: successfully reloaded assembly
- Completed reload, in  0.629 seconds
Platform modules already initialized, skipping
Refreshing native plugins compatible for Editor in 0.39 ms, found 1 plugins.
Preloading 0 native plugins for Editor in 0.00 ms.
Unloading 1945 Unused Serialized files (Serialized files now loaded: 0)
System memory in use before: 94.8 MB.
System memory in use after: 94.9 MB.

Unloading 8 unused Assets to reduce memory usage. Loaded Objects now: 2415.
Total: 2.065500 ms (FindLiveObjects: 0.356900 ms CreateObjectMapping: 0.078700 ms MarkObjects: 1.613900 ms  DeleteObjects: 0.014600 ms)

========================================================================
Received Prepare
Registering precompiled user dll's ...
Registered in 0.001009 seconds.
Begin MonoManager ReloadAssembly
Native extension for WindowsStandalone target not found
Refreshing native plugins compatible for Editor in 0.77 ms, found 1 plugins.
Preloading 0 native plugins for Editor in 0.00 ms.
Invoked RoslynAnalysisRunner static constructor.
RoslynAnalysisRunner will not be running.
RoslynAnalysisRunner has terminated.
Mono: successfully reloaded assembly
- Completed reload, in  0.798 seconds
Platform modules already initialized, skipping
Refreshing native plugins compatible for Editor in 0.61 ms, found 1 plugins.
Preloading 0 native plugins for Editor in 0.00 ms.
Unloading 1945 Unused Serialized files (Serialized files now loaded: 0)
System memory in use before: 94.8 MB.
System memory in use after: 94.9 MB.

Unloading 8 unused Assets to reduce memory usage. Loaded Objects now: 2419.
Total: 2.541400 ms (FindLiveObjects: 0.258800 ms CreateObjectMapping: 0.051200 ms MarkObjects: 2.206700 ms  DeleteObjects: 0.023300 ms)

========================================================================
Received Prepare
Registering precompiled user dll's ...
Registered in 0.001252 seconds.
Begin MonoManager ReloadAssembly
Native extension for WindowsStandalone target not found
Refreshing native plugins compatible for Editor in 0.53 ms, found 1 plugins.
Preloading 0 native plugins for Editor in 0.00 ms.
Invoked RoslynAnalysisRunner static constructor.
RoslynAnalysisRunner will not be running.
RoslynAnalysisRunner has terminated.
Mono: successfully reloaded assembly
- Completed reload, in  0.821 seconds
Platform modules already initialized, skipping
Refreshing native plugins compatible for Editor in 0.46 ms, found 1 plugins.
Preloading 0 native plugins for Editor in 0.00 ms.
Unloading 1945 Unused Serialized files (Serialized files now loaded: 0)
System memory in use before: 94.9 MB.
System memory in use after: 95.0 MB.

Unloading 8 unused Assets to reduce memory usage. Loaded Objects now: 2423.
Total: 2.707900 ms (FindLiveObjects: 0.291100 ms CreateObjectMapping: 0.179600 ms MarkObjects: 2.213900 ms  DeleteObjects: 0.022500 ms)

AssetImportWorkerClient::OnTransportError - code=2 error=End of file
